
Showing logs for build [32mcb-kubecd-environment-pr-199-49-stffw-1[0m stage [32mfrom-build-pack[0m and container [32mstep-credential-initializer-xqdt7[0m
{"level":"warn","ts":1586626265.020732,"logger":"fallback-logger","caller":"logging/config.go:69","msg":"Fetch GitHub commit ID from kodata failed: \"ref: refs/heads/0.8.0-**-support-backwards-incompats\" is not a valid GitHub commit ID"}
{"level":"info","ts":1586626265.0213969,"logger":"fallback-logger","caller":"creds-init/main.go:40","msg":"Credentials initialized."}

Showing logs for build [32mcb-kubecd-environment-pr-199-49-stffw-1[0m stage [32mfrom-build-pack[0m and container [32mstep-working-dir-initializer-pjg7g[0m
{"level":"warn","ts":1586626266.0264819,"logger":"fallback-logger","caller":"logging/config.go:69","msg":"Fetch GitHub commit ID from kodata failed: open /var/run/ko/HEAD: no such file or directory"}
{"level":"info","ts":1586626266.0293686,"logger":"fallback-logger","caller":"bash/main.go:64","msg":"Successfully executed command \"sh -c mkdir -p /workspace/source\"; output "}

Showing logs for build [32mcb-kubecd-environment-pr-199-49-stffw-1[0m stage [32mfrom-build-pack[0m and container [32mstep-place-tools[0m

Showing logs for build [32mcb-kubecd-environment-pr-199-49-stffw-1[0m stage [32mfrom-build-pack[0m and container [32mstep-git-source-cb-kubecd-environment-pr-199-49-stffw-wgmwz[0m
{"level":"warn","ts":1586626271.3030536,"logger":"fallback-logger","caller":"logging/config.go:69","msg":"Fetch GitHub commit ID from kodata failed: \"ref: refs/heads/0.8.0-**-support-backwards-incompats\" is not a valid GitHub commit ID"}
{"level":"info","ts":1586626272.408308,"logger":"fallback-logger","caller":"git/git.go:103","msg":"Successfully cloned https://github.com/cb-kubecd/environment-pr-199-49-boot-gke-staging.git @ master in path /workspace/source"}

Showing logs for build [32mcb-kubecd-environment-pr-199-49-stffw-1[0m stage [32mfrom-build-pack[0m and container [32mstep-git-merge[0m
Using SHAs from PULL_REFS=master:05d9472e28ead3c85a26dc1c587fe990e95e91c9,6:d5c162f7b1b9894044f841606d273fa6a86123dd
DEBUG: LC_ALL=C JX_LOG_LEVEL=error git fetch origin --unshallow d5c162f7b1b9894044f841606d273fa6a86123dd: 05d9472e28ead3c85a26dc1c587fe990e95e91c9:
DEBUG: ran git fetch --unshallow origin d5c162f7b1b9894044f841606d273fa6a86123dd: 05d9472e28ead3c85a26dc1c587fe990e95e91c9: in 
DEBUG: LC_ALL=C JX_LOG_LEVEL=error git branch
DEBUG: LC_ALL=C JX_LOG_LEVEL=error git checkout master
DEBUG: ran git checkout master in 
DEBUG: LC_ALL=C JX_LOG_LEVEL=error git reset --hard 05d9472e28ead3c85a26dc1c587fe990e95e91c9
DEBUG: ran git reset --hard 05d9472e28ead3c85a26dc1c587fe990e95e91c9 in 
DEBUG: LC_ALL=C JX_LOG_LEVEL=error git clean -fd .
DEBUG: ran clean --force -d . in 
DEBUG: LC_ALL=C JX_LOG_LEVEL=error git merge d5c162f7b1b9894044f841606d273fa6a86123dd
DEBUG: ran git merge d5c162f7b1b9894044f841606d273fa6a86123dd in 
DEBUG: LC_ALL=C JX_LOG_LEVEL=error git log --format=%H%x1f%an%x1f%ae%x1f%cn%x1f%ce%x1f%s%n%b%x1e 05d9472e28ead3c85a26dc1c587fe990e95e91c9..HEAD
Merged SHA d5c162f7b1b9894044f841606d273fa6a86123dd with commit message 'chore: Promote bdd-nh-import-1586625409 to version 0.0.1' into base branch master

Showing logs for build [32mcb-kubecd-environment-pr-199-49-stffw-1[0m stage [32mfrom-build-pack[0m and container [32mstep-build-helm-build[0m
WARNING: No $CHART_REPOSITORY defined so using the default value of: http://jenkins-x-chartmuseum:8080
Adding missing Helm repo: storage.googleapis.com https://storage.googleapis.com/chartmuseum.jenkins-x.io
WARNING: No secrets found on "helm/repos" due: reading the secret "helm/repos" from vault: no secret "helm/repos" not found in vault
Read credentials for https://storage.googleapis.com/chartmuseum.jenkins-x.io from vault helm/repos
Successfully added Helm repository storage.googleapis.com.
Adding missing Helm repo: jenkins-x-chartmuseum http://jenkins-x-chartmuseum:8080
WARNING: No secrets found on "helm/repos" due: reading the secret "helm/repos" from vault: no secret "helm/repos" not found in vault
Read credentials for http://jenkins-x-chartmuseum:8080 from vault helm/repos
Successfully added Helm repository jenkins-x-chartmuseum.
WARNING: No $CHART_REPOSITORY defined so using the default value of: http://jenkins-x-chartmuseum:8080
Adding missing Helm repo: chartmuseum.jenkins-x.io http://chartmuseum.jenkins-x.io
WARNING: No secrets found on "helm/repos" due: reading the secret "helm/repos" from vault: no secret "helm/repos" not found in vault
Read credentials for http://chartmuseum.jenkins-x.io from vault helm/repos
Successfully added Helm repository chartmuseum.jenkins-x.io.
